Command line:
   Calc_Menu_tb_isim_beh.exe
     -simmode  gui
     -simrunnum  0
     -socket  59769

Sun Apr 27 21:14:48 2025


 Elaboration Time: 0.02 sec

 Current Memory Usage: 184.078 Meg

 Total Signals          : 71
 Total Nets             : 138
 Total Signal Drivers   : 25
 Total Blocks           : 11
 Total Primitive Blocks : 9
 Total Processes        : 14
 Total Traceable Variables  : 10
 Total Scalar Nets and Variables : 516
Total Line Count : 148

 Total Simulation Time: 0.07 sec

 Current Memory Usage: 259.58 Meg

Sun Apr 27 21:15:07 2025

