Release 14.1 - xst P.15xf (nt64)
Copyright (c) 1995-2012 Xilinx, Inc.  All rights reserved.
--> Parameter TMPDIR set to xst/projnav.tmp


Total REAL time to Xst completion: 0.00 secs
Total CPU time to Xst completion: 0.15 secs
 
--> Parameter xsthdpdir set to xst


Total REAL time to Xst completion: 0.00 secs
Total CPU time to Xst completion: 0.15 secs
 
--> Reading design: LYSregul.prj

TABLE OF CONTENTS
  1) Synthesis Options Summary
  2) HDL Compilation
  3) Design Hierarchy Analysis
  4) HDL Analysis
  5) HDL Synthesis
     5.1) HDL Synthesis Report
  6) Advanced HDL Synthesis
     6.1) Advanced HDL Synthesis Report
  7) Low Level Synthesis
  8) Partition Report
  9) Final Report
	9.1) Device utilization summary
	9.2) Partition Resource Summary
	9.3) TIMING REPORT


=========================================================================
*                      Synthesis Options Summary                        *
=========================================================================
---- Source Parameters
Input File Name                    : "LYSregul.prj"
Input Format                       : mixed
Ignore Synthesis Constraint File   : NO

---- Target Parameters
Output File Name                   : "LYSregul"
Output Format                      : NGC
Target Device                      : xc3s100e-4-cp132

---- Source Options
Top Module Name                    : LYSregul
Automatic FSM Extraction           : YES
FSM Encoding Algorithm             : Auto
Safe Implementation                : No
FSM Style                          : LUT
RAM Extraction                     : Yes
RAM Style                          : Auto
ROM Extraction                     : Yes
Mux Style                          : Auto
Decoder Extraction                 : YES
Priority Encoder Extraction        : Yes
Shift Register Extraction          : YES
Logical Shifter Extraction         : YES
XOR Collapsing                     : YES
ROM Style                          : Auto
Mux Extraction                     : Yes
Resource Sharing                   : YES
Asynchronous To Synchronous        : NO
Multiplier Style                   : Auto
Automatic Register Balancing       : No

---- Target Options
Add IO Buffers                     : YES
Global Maximum Fanout              : 500
Add Generic Clock Buffer(BUFG)     : 24
Register Duplication               : YES
Slice Packing                      : YES
Optimize Instantiated Primitives   : NO
Use Clock Enable                   : Yes
Use Synchronous Set                : Yes
Use Synchronous Reset              : Yes
Pack IO Registers into IOBs        : Auto
Equivalent register Removal        : YES

---- General Options
Optimization Goal                  : Speed
Optimization Effort                : 1
Keep Hierarchy                     : No
Netlist Hierarchy                  : As_Optimized
RTL Output                         : Yes
Global Optimization                : AllClockNets
Read Cores                         : YES
Write Timing Constraints           : NO
Cross Clock Analysis               : NO
Hierarchy Separator                : /
Bus Delimiter                      : <>
Case Specifier                     : Maintain
Slice Utilization Ratio            : 100
BRAM Utilization Ratio             : 100
Verilog 2001                       : YES
Auto BRAM Packing                  : NO
Slice Utilization Ratio Delta      : 5

=========================================================================


=========================================================================
*                          HDL Compilation                              *
=========================================================================
Compiling vhdl file "C:/Users/s240324/Downloads/DivClk.vhd" in Library work.
Architecture divclk_arch of Entity divclk is up to date.
Compiling vhdl file "C:/Users/s240324/Desktop/PWM - VHDL/TopLys/PWMmodule.vhd" in Library work.
Architecture behavioral of Entity pwmmodule is up to date.
Compiling vhdl file "C:/Users/s240324/Desktop/PWM - VHDL/TopLys/LYSregul.vhd" in Library work.
Architecture behavioral of Entity lysregul is up to date.

=========================================================================
*                     Design Hierarchy Analysis                         *
=========================================================================
Analyzing hierarchy for entity <LYSregul> in library <work> (architecture <behavioral>).

Analyzing hierarchy for entity <DivClk> in library <work> (architecture <DivClk_arch>).

Analyzing hierarchy for entity <PWMmodule> in library <work> (architecture <Behavioral>).


=========================================================================
*                            HDL Analysis                               *
=========================================================================
Analyzing Entity <LYSregul> in library <work> (Architecture <behavioral>).
Entity <LYSregul> analyzed. Unit <LYSregul> generated.

Analyzing Entity <DivClk> in library <work> (Architecture <DivClk_arch>).
Entity <DivClk> analyzed. Unit <DivClk> generated.

Analyzing Entity <PWMmodule> in library <work> (Architecture <Behavioral>).
WARNING:Xst:819 - "C:/Users/s240324/Desktop/PWM - VHDL/TopLys/PWMmodule.vhd" line 40: One or more signals are missing in the process sensitivity list. To enable synthesis of FPGA/CPLD hardware, XST will assume that all necessary signals are present in the sensitivity list. Please note that the result of the synthesis may differ from the initial design specification. The missing signals are:
   <PWMcnt>, <SigAmpl>
Entity <PWMmodule> analyzed. Unit <PWMmodule> generated.


=========================================================================
*                           HDL Synthesis                               *
=========================================================================

Performing bidirectional port resolution...

Synthesizing Unit <DivClk>.
    Related source file is "C:/Users/s240324/Downloads/DivClk.vhd".
    Found 1-bit register for signal <Clk1_D>.
    Found 25-bit up counter for signal <Cnt1>.
    Summary:
	inferred   1 Counter(s).
	inferred   1 D-type flip-flop(s).
Unit <DivClk> synthesized.


Synthesizing Unit <PWMmodule>.
    Related source file is "C:/Users/s240324/Desktop/PWM - VHDL/TopLys/PWMmodule.vhd".
    Found 8-bit up counter for signal <PWMcnt>.
    Found 8-bit comparator lessequal for signal <PWMout$cmp_le0000> created at line 42.
    Summary:
	inferred   1 Counter(s).
	inferred   1 Comparator(s).
Unit <PWMmodule> synthesized.


Synthesizing Unit <LYSregul>.
    Related source file is "C:/Users/s240324/Desktop/PWM - VHDL/TopLys/LYSregul.vhd".
Unit <LYSregul> synthesized.


=========================================================================
HDL Synthesis Report

Macro Statistics
# Counters                                             : 2
 25-bit up counter                                     : 1
 8-bit up counter                                      : 1
# Registers                                            : 1
 1-bit register                                        : 1
# Comparators                                          : 1
 8-bit comparator lessequal                            : 1

=========================================================================

=========================================================================
*                       Advanced HDL Synthesis                          *
=========================================================================


=========================================================================
Advanced HDL Synthesis Report

Macro Statistics
# Counters                                             : 2
 25-bit up counter                                     : 1
 8-bit up counter                                      : 1
# Registers                                            : 1
 Flip-Flops                                            : 1
# Comparators                                          : 1
 8-bit comparator lessequal                            : 1

=========================================================================

=========================================================================
*                         Low Level Synthesis                           *
=========================================================================

Optimizing unit <LYSregul> ...

Mapping all equations...
Building and optimizing final netlist ...
Found area constraint ratio of 100 (+ 5) on block LYSregul, actual ratio is 4.

Final Macro Processing ...

=========================================================================
Final Register Report

Macro Statistics
# Registers                                            : 34
 Flip-Flops                                            : 34

=========================================================================

=========================================================================
*                           Partition Report                            *
=========================================================================

Partition Implementation Status
-------------------------------

  No Partitions were found in this design.

-------------------------------

=========================================================================
*                            Final Report                               *
=========================================================================
Final Results
RTL Top Level Output File Name     : LYSregul.ngr
Top Level Output File Name         : LYSregul
Output Format                      : NGC
Optimization Goal                  : Speed
Keep Hierarchy                     : No

Design Statistics
# IOs                              : 11

Cell Usage :
# BELS                             : 155
#      GND                         : 1
#      INV                         : 4
#      LUT1                        : 31
#      LUT2                        : 33
#      LUT4                        : 6
#      MUXCY                       : 46
#      VCC                         : 1
#      XORCY                       : 33
# FlipFlops/Latches                : 34
#      FDC                         : 33
#      FDCE                        : 1
# Clock Buffers                    : 1
#      BUFGP                       : 1
# IO Buffers                       : 10
#      IBUF                        : 9
#      OBUF                        : 1
=========================================================================

Device utilization summary:
---------------------------

Selected Device : 3s100ecp132-4 

 Number of Slices:                       40  out of    960     4%  
 Number of Slice Flip Flops:             34  out of   1920     1%  
 Number of 4 input LUTs:                 74  out of   1920     3%  
 Number of IOs:                          11
 Number of bonded IOBs:                  11  out of     83    13%  
 Number of GCLKs:                         1  out of     24     4%  

---------------------------
Partition Resource Summary:
---------------------------

  No Partitions were found in this design.

---------------------------


=========================================================================
TIMING REPORT

NOTE: THESE TIMING NUMBERS ARE ONLY A SYNTHESIS ESTIMATE.
      FOR ACCURATE TIMING INFORMATION PLEASE REFER TO THE TRACE REPORT
      GENERATED AFTER PLACE-and-ROUTE.

Clock Information:
------------------
-----------------------------------+------------------------+-------+
Clock Signal                       | Clock buffer(FF name)  | Load  |
-----------------------------------+------------------------+-------+
MClk                               | BUFGP                  | 26    |
U1/Clk1_D                          | NONE(U2/PWMcnt_0)      | 8     |
-----------------------------------+------------------------+-------+
INFO:Xst:2169 - HDL ADVISOR - Some clock signals were not automatically buffered by XST with BUFG/BUFR resources. Please use the buffer_type constraint in order to insert these buffers to the clock signals to help prevent skew problems.

Asynchronous Control Signals Information:
----------------------------------------
-----------------------------------+------------------------+-------+
Control Signal                     | Buffer(FF name)        | Load  |
-----------------------------------+------------------------+-------+
BTN3                               | IBUF                   | 34    |
-----------------------------------+------------------------+-------+

Timing Summary:
---------------
Speed Grade: -4

   Minimum period: 5.994ns (Maximum Frequency: 166.833MHz)
   Minimum input arrival time before clock: No path found
   Maximum output required time after clock: 6.790ns
   Maximum combinational path delay: 7.486ns

Timing Detail:
--------------
All values displayed in nanoseconds (ns)

=========================================================================
Timing constraint: Default period analysis for Clock 'MClk'
  Clock period: 5.994ns (frequency: 166.833MHz)
  Total number of paths / destination ports: 976 / 27
-------------------------------------------------------------------------
Delay:               5.994ns (Levels of Logic = 26)
  Source:            U1/Cnt1_1 (FF)
  Destination:       U1/Cnt1_24 (FF)
  Source Clock:      MClk rising
  Destination Clock: MClk rising

  Data Path: U1/Cnt1_1 to U1/Cnt1_24
                                Gate     Net
    Cell:in->out      fanout   Delay   Delay  Logical Name (Net Name)
    ----------------------------------------  ------------
     FDC:C->Q              2   0.591   0.622  U1/Cnt1_1 (U1/Cnt1_1)
     LUT1:I0->O            1   0.704   0.000  U1/Mcount_Cnt1_cy<1>_rt (U1/Mcount_Cnt1_cy<1>_rt)
     MUXCY:S->O            1   0.464   0.000  U1/Mcount_Cnt1_cy<1> (U1/Mcount_Cnt1_cy<1>)
     MUXCY:CI->O           1   0.059   0.000  U1/Mcount_Cnt1_cy<2> (U1/Mcount_Cnt1_cy<2>)
     MUXCY:CI->O           1   0.059   0.000  U1/Mcount_Cnt1_cy<3> (U1/Mcount_Cnt1_cy<3>)
     MUXCY:CI->O           1   0.059   0.000  U1/Mcount_Cnt1_cy<4> (U1/Mcount_Cnt1_cy<4>)
     MUXCY:CI->O           1   0.059   0.000  U1/Mcount_Cnt1_cy<5> (U1/Mcount_Cnt1_cy<5>)
     MUXCY:CI->O           1   0.059   0.000  U1/Mcount_Cnt1_cy<6> (U1/Mcount_Cnt1_cy<6>)
     MUXCY:CI->O           1   0.059   0.000  U1/Mcount_Cnt1_cy<7> (U1/Mcount_Cnt1_cy<7>)
     MUXCY:CI->O           1   0.059   0.000  U1/Mcount_Cnt1_cy<8> (U1/Mcount_Cnt1_cy<8>)
     MUXCY:CI->O           1   0.059   0.000  U1/Mcount_Cnt1_cy<9> (U1/Mcount_Cnt1_cy<9>)
     MUXCY:CI->O           1   0.059   0.000  U1/Mcount_Cnt1_cy<10> (U1/Mcount_Cnt1_cy<10>)
     MUXCY:CI->O           1   0.059   0.000  U1/Mcount_Cnt1_cy<11> (U1/Mcount_Cnt1_cy<11>)
     MUXCY:CI->O           1   0.059   0.000  U1/Mcount_Cnt1_cy<12> (U1/Mcount_Cnt1_cy<12>)
     MUXCY:CI->O           1   0.059   0.000  U1/Mcount_Cnt1_cy<13> (U1/Mcount_Cnt1_cy<13>)
     MUXCY:CI->O           1   0.059   0.000  U1/Mcount_Cnt1_cy<14> (U1/Mcount_Cnt1_cy<14>)
     MUXCY:CI->O           1   0.059   0.000  U1/Mcount_Cnt1_cy<15> (U1/Mcount_Cnt1_cy<15>)
     MUXCY:CI->O           1   0.059   0.000  U1/Mcount_Cnt1_cy<16> (U1/Mcount_Cnt1_cy<16>)
     MUXCY:CI->O           1   0.059   0.000  U1/Mcount_Cnt1_cy<17> (U1/Mcount_Cnt1_cy<17>)
     MUXCY:CI->O           1   0.059   0.000  U1/Mcount_Cnt1_cy<18> (U1/Mcount_Cnt1_cy<18>)
     MUXCY:CI->O           1   0.059   0.000  U1/Mcount_Cnt1_cy<19> (U1/Mcount_Cnt1_cy<19>)
     MUXCY:CI->O           1   0.059   0.000  U1/Mcount_Cnt1_cy<20> (U1/Mcount_Cnt1_cy<20>)
     MUXCY:CI->O           1   0.059   0.000  U1/Mcount_Cnt1_cy<21> (U1/Mcount_Cnt1_cy<21>)
     MUXCY:CI->O           1   0.059   0.000  U1/Mcount_Cnt1_cy<22> (U1/Mcount_Cnt1_cy<22>)
     MUXCY:CI->O           0   0.059   0.000  U1/Mcount_Cnt1_cy<23> (U1/Mcount_Cnt1_cy<23>)
     XORCY:CI->O           1   0.804   0.499  U1/Mcount_Cnt1_xor<24> (Result<24>)
     LUT2:I1->O            1   0.704   0.000  U1/Mcount_Cnt1_eqn_241 (U1/Mcount_Cnt1_eqn_24)
     FDC:D                     0.308          U1/Cnt1_24
    ----------------------------------------
    Total                      5.994ns (4.873ns logic, 1.121ns route)
                                       (81.3% logic, 18.7% route)

=========================================================================
Timing constraint: Default period analysis for Clock 'U1/Clk1_D'
  Clock period: 3.788ns (frequency: 263.992MHz)
  Total number of paths / destination ports: 36 / 8
-------------------------------------------------------------------------
Delay:               3.788ns (Levels of Logic = 8)
  Source:            U2/PWMcnt_1 (FF)
  Destination:       U2/PWMcnt_7 (FF)
  Source Clock:      U1/Clk1_D rising
  Destination Clock: U1/Clk1_D rising

  Data Path: U2/PWMcnt_1 to U2/PWMcnt_7
                                Gate     Net
    Cell:in->out      fanout   Delay   Delay  Logical Name (Net Name)
    ----------------------------------------  ------------
     FDC:C->Q              2   0.591   0.622  U2/PWMcnt_1 (U2/PWMcnt_1)
     LUT1:I0->O            1   0.704   0.000  U2/Mcount_PWMcnt_cy<1>_rt (U2/Mcount_PWMcnt_cy<1>_rt)
     MUXCY:S->O            1   0.464   0.000  U2/Mcount_PWMcnt_cy<1> (U2/Mcount_PWMcnt_cy<1>)
     MUXCY:CI->O           1   0.059   0.000  U2/Mcount_PWMcnt_cy<2> (U2/Mcount_PWMcnt_cy<2>)
     MUXCY:CI->O           1   0.059   0.000  U2/Mcount_PWMcnt_cy<3> (U2/Mcount_PWMcnt_cy<3>)
     MUXCY:CI->O           1   0.059   0.000  U2/Mcount_PWMcnt_cy<4> (U2/Mcount_PWMcnt_cy<4>)
     MUXCY:CI->O           1   0.059   0.000  U2/Mcount_PWMcnt_cy<5> (U2/Mcount_PWMcnt_cy<5>)
     MUXCY:CI->O           0   0.059   0.000  U2/Mcount_PWMcnt_cy<6> (U2/Mcount_PWMcnt_cy<6>)
     XORCY:CI->O           1   0.804   0.000  U2/Mcount_PWMcnt_xor<7> (Result<7>)
     FDC:D                     0.308          U2/PWMcnt_7
    ----------------------------------------
    Total                      3.788ns (3.166ns logic, 0.622ns route)
                                       (83.6% logic, 16.4% route)

=========================================================================
Timing constraint: Default OFFSET OUT AFTER for Clock 'U1/Clk1_D'
  Total number of paths / destination ports: 8 / 1
-------------------------------------------------------------------------
Offset:              6.790ns (Levels of Logic = 10)
  Source:            U2/PWMcnt_0 (FF)
  Destination:       LD (PAD)
  Source Clock:      U1/Clk1_D rising

  Data Path: U2/PWMcnt_0 to LD
                                Gate     Net
    Cell:in->out      fanout   Delay   Delay  Logical Name (Net Name)
    ----------------------------------------  ------------
     FDC:C->Q              2   0.591   0.526  U2/PWMcnt_0 (U2/PWMcnt_0)
     LUT2:I1->O            1   0.704   0.000  U2/Mcompar_PWMout_cmp_le0000_lut<0> (U2/Mcompar_PWMout_cmp_le0000_lut<0>)
     MUXCY:S->O            1   0.464   0.000  U2/Mcompar_PWMout_cmp_le0000_cy<0> (U2/Mcompar_PWMout_cmp_le0000_cy<0>)
     MUXCY:CI->O           1   0.059   0.000  U2/Mcompar_PWMout_cmp_le0000_cy<1> (U2/Mcompar_PWMout_cmp_le0000_cy<1>)
     MUXCY:CI->O           1   0.059   0.000  U2/Mcompar_PWMout_cmp_le0000_cy<2> (U2/Mcompar_PWMout_cmp_le0000_cy<2>)
     MUXCY:CI->O           1   0.059   0.000  U2/Mcompar_PWMout_cmp_le0000_cy<3> (U2/Mcompar_PWMout_cmp_le0000_cy<3>)
     MUXCY:CI->O           1   0.059   0.000  U2/Mcompar_PWMout_cmp_le0000_cy<4> (U2/Mcompar_PWMout_cmp_le0000_cy<4>)
     MUXCY:CI->O           1   0.059   0.000  U2/Mcompar_PWMout_cmp_le0000_cy<5> (U2/Mcompar_PWMout_cmp_le0000_cy<5>)
     MUXCY:CI->O           1   0.059   0.000  U2/Mcompar_PWMout_cmp_le0000_cy<6> (U2/Mcompar_PWMout_cmp_le0000_cy<6>)
     MUXCY:CI->O           1   0.459   0.420  U2/Mcompar_PWMout_cmp_le0000_cy<7> (LD_OBUF)
     OBUF:I->O                 3.272          LD_OBUF (LD)
    ----------------------------------------
    Total                      6.790ns (5.844ns logic, 0.946ns route)
                                       (86.1% logic, 13.9% route)

=========================================================================
Timing constraint: Default path analysis
  Total number of paths / destination ports: 16 / 1
-------------------------------------------------------------------------
Delay:               7.486ns (Levels of Logic = 11)
  Source:            SW<0> (PAD)
  Destination:       LD (PAD)

  Data Path: SW<0> to LD
                                Gate     Net
    Cell:in->out      fanout   Delay   Delay  Logical Name (Net Name)
    ----------------------------------------  ------------
     IBUF:I->O             1   1.218   0.595  SW_0_IBUF (SW_0_IBUF)
     LUT2:I0->O            1   0.704   0.000  U2/Mcompar_PWMout_cmp_le0000_lut<0> (U2/Mcompar_PWMout_cmp_le0000_lut<0>)
     MUXCY:S->O            1   0.464   0.000  U2/Mcompar_PWMout_cmp_le0000_cy<0> (U2/Mcompar_PWMout_cmp_le0000_cy<0>)
     MUXCY:CI->O           1   0.059   0.000  U2/Mcompar_PWMout_cmp_le0000_cy<1> (U2/Mcompar_PWMout_cmp_le0000_cy<1>)
     MUXCY:CI->O           1   0.059   0.000  U2/Mcompar_PWMout_cmp_le0000_cy<2> (U2/Mcompar_PWMout_cmp_le0000_cy<2>)
     MUXCY:CI->O           1   0.059   0.000  U2/Mcompar_PWMout_cmp_le0000_cy<3> (U2/Mcompar_PWMout_cmp_le0000_cy<3>)
     MUXCY:CI->O           1   0.059   0.000  U2/Mcompar_PWMout_cmp_le0000_cy<4> (U2/Mcompar_PWMout_cmp_le0000_cy<4>)
     MUXCY:CI->O           1   0.059   0.000  U2/Mcompar_PWMout_cmp_le0000_cy<5> (U2/Mcompar_PWMout_cmp_le0000_cy<5>)
     MUXCY:CI->O           1   0.059   0.000  U2/Mcompar_PWMout_cmp_le0000_cy<6> (U2/Mcompar_PWMout_cmp_le0000_cy<6>)
     MUXCY:CI->O           1   0.459   0.420  U2/Mcompar_PWMout_cmp_le0000_cy<7> (LD_OBUF)
     OBUF:I->O                 3.272          LD_OBUF (LD)
    ----------------------------------------
    Total                      7.486ns (6.471ns logic, 1.015ns route)
                                       (86.4% logic, 13.6% route)

=========================================================================


Total REAL time to Xst completion: 5.00 secs
Total CPU time to Xst completion: 4.67 secs
 
--> 

Total memory usage is 4510808 kilobytes

Number of errors   :    0 (   0 filtered)
Number of warnings :    1 (   0 filtered)
Number of infos    :    1 (   0 filtered)

